<?xml version="1.0" encoding="UTF-8"?>
<testng-results ignored="0" total="2" passed="2" failed="0" skipped="0">
  <reporter-output>
  </reporter-output>
  <suite started-at="2021-11-03T14:01:31 IST" name="Suite" finished-at="2021-11-03T14:01:31 IST" duration-ms="78">
    <groups>
    </groups>
    <test started-at="2021-11-03T14:01:31 IST" name="Test" finished-at="2021-11-03T14:01:31 IST" duration-ms="78">
      <class name="allTestCasesClass.SetEnvirment">
        <test-method is-config="true" signature="presettingofproject()[pri:0, instance:allTestCasesClass.SetEnvirment@51dcb805]" started-at="2021-11-03T14:01:31 IST" name="presettingofproject" finished-at="2021-11-03T14:01:31 IST" duration-ms="10" status="PASS">
          <reporter-output>
          </reporter-output>
        </test-method> <!-- presettingofproject -->
        <test-method is-config="true" signature="postsettingofproject()[pri:0, instance:allTestCasesClass.SetEnvirment@51dcb805]" started-at="2021-11-03T14:01:31 IST" name="postsettingofproject" finished-at="2021-11-03T14:01:31 IST" duration-ms="0" status="PASS">
          <reporter-output>
          </reporter-output>
        </test-method> <!-- postsettingofproject -->
      </class> <!-- allTestCasesClass.SetEnvirment -->
      <class name="allTestCasesClass.TestcaseId">
        <test-method is-config="true" signature="beforeallTestCasecurrentclass()[pri:0, instance:allTestCasesClass.TestcaseId@49912c99]" started-at="2021-11-03T14:01:31 IST" name="beforeallTestCasecurrentclass" finished-at="2021-11-03T14:01:31 IST" duration-ms="1" status="PASS">
          <reporter-output>
          </reporter-output>
        </test-method> <!-- beforeallTestCasecurrentclass -->
        <test-method is-config="true" signature="loadbrowser()[pri:0, instance:allTestCasesClass.TestcaseId@49912c99]" started-at="2021-11-03T14:01:31 IST" name="loadbrowser" finished-at="2021-11-03T14:01:31 IST" duration-ms="0" status="PASS">
          <reporter-output>
          </reporter-output>
        </test-method> <!-- loadbrowser -->
        <test-method signature="checkid()[pri:0, instance:allTestCasesClass.TestcaseId@49912c99]" started-at="2021-11-03T14:01:31 IST" name="checkid" finished-at="2021-11-03T14:01:31 IST" duration-ms="13" status="PASS">
          <reporter-output>
          </reporter-output>
        </test-method> <!-- checkid -->
        <test-method is-config="true" signature="closebrowser()[pri:0, instance:allTestCasesClass.TestcaseId@49912c99]" started-at="2021-11-03T14:01:31 IST" name="closebrowser" finished-at="2021-11-03T14:01:31 IST" duration-ms="1" status="PASS">
          <reporter-output>
          </reporter-output>
        </test-method> <!-- closebrowser -->
        <test-method is-config="true" signature="afterallTestCasecurrentclass()[pri:0, instance:allTestCasesClass.TestcaseId@49912c99]" started-at="2021-11-03T14:01:31 IST" name="afterallTestCasecurrentclass" finished-at="2021-11-03T14:01:31 IST" duration-ms="1" status="PASS">
          <reporter-output>
          </reporter-output>
        </test-method> <!-- afterallTestCasecurrentclass -->
      </class> <!-- allTestCasesClass.TestcaseId -->
      <class name="allTestCasesClass.ModuleLevelClass">
        <test-method is-config="true" signature="adminpresetting()[pri:0, instance:allTestCasesClass.ModuleLevelClass@27ff5d15]" started-at="2021-11-03T14:01:31 IST" name="adminpresetting" finished-at="2021-11-03T14:01:31 IST" duration-ms="1" status="PASS">
          <reporter-output>
          </reporter-output>
        </test-method> <!-- adminpresetting -->
        <test-method is-config="true" signature="adminpostsetting()[pri:0, instance:allTestCasesClass.ModuleLevelClass@27ff5d15]" started-at="2021-11-03T14:01:31 IST" name="adminpostsetting" finished-at="2021-11-03T14:01:31 IST" duration-ms="4" status="PASS">
          <reporter-output>
          </reporter-output>
        </test-method> <!-- adminpostsetting -->
      </class> <!-- allTestCasesClass.ModuleLevelClass -->
      <class name="allTestCasesClass.Testcasespassword">
        <test-method is-config="true" signature="loadbrowser()[pri:0, instance:allTestCasesClass.Testcasespassword@10163d6]" started-at="2021-11-03T14:01:31 IST" name="loadbrowser" finished-at="2021-11-03T14:01:31 IST" duration-ms="1" status="PASS">
          <reporter-output>
          </reporter-output>
        </test-method> <!-- loadbrowser -->
        <test-method signature="checkpassword()[pri:0, instance:allTestCasesClass.Testcasespassword@10163d6]" started-at="2021-11-03T14:01:31 IST" name="checkpassword" finished-at="2021-11-03T14:01:31 IST" duration-ms="2" status="PASS">
          <reporter-output>
          </reporter-output>
        </test-method> <!-- checkpassword -->
        <test-method is-config="true" signature="closebrowser()[pri:0, instance:allTestCasesClass.Testcasespassword@10163d6]" started-at="2021-11-03T14:01:31 IST" name="closebrowser" finished-at="2021-11-03T14:01:31 IST" duration-ms="1" status="PASS">
          <reporter-output>
          </reporter-output>
        </test-method> <!-- closebrowser -->
      </class> <!-- allTestCasesClass.Testcasespassword -->
    </test> <!-- Test -->
  </suite> <!-- Suite -->
</testng-results>
